Jun 23, 2025 5:45:39 AM dev.lpa.Anzan mitoriAnzan
INFO: 2910, 2910, [737, 773, 395, 405, 600]
Jun 23, 2025 5:48:43 AM dev.lpa.Anzan mitoriAnzan
INFO: 3017, 3117, [228, 962, 572, 729, 626]
Jun 25, 2025 5:07:55 AM dev.lpa.Anzan mitoriAnzan
INFO: 3023, 3023, [971, 353, 549, 777, 373]
Jun 25, 2025 5:08:24 AM dev.lpa.Anzan mitoriAnzan
INFO: 2173, 2133, [349, 391, 529, 150, 714]
Jun 27, 2025 6:03:19 AM dev.lpa.Anzan mitoriAnzan
INFO: 2696, 2666, [277, 467, 825, 263, 834]
Jun 27, 2025 6:03:43 AM dev.lpa.Anzan mitoriAnzan
INFO: 3534, 3534, [820, 942, 637, 876, 259]
Jun 27, 2025 6:04:19 AM dev.lpa.Anzan mitoriAnzan
INFO: 2903, 2897, [536, 347, 485, 985, 544]
Jun 28, 2025 8:47:03 AM dev.lpa.Anzan mitoriAnzan
INFO: 2228, 2228, [508, 316, 753, 222, 429]
Jun 28, 2025 8:47:30 AM dev.lpa.Anzan mitoriAnzan
INFO: 3003, 2996, [649, 634, 849, 163, 701]
Jun 29, 2025 6:48:53 AM dev.lpa.Anzan mitoriAnzan
INFO: 3050, 3150, [125, 650, 992, 782, 601]
Jun 29, 2025 6:49:17 AM dev.lpa.Anzan mitoriAnzan
INFO: 3548, 3548, [958, 862, 906, 117, 705]
Jun 29, 2025 6:49:57 AM dev.lpa.Anzan mitoriAnzan
INFO: 3383, 3383, [440, 634, 822, 835, 652]
